0 verbose cli /opt/homebrew/Cellar/node/23.11.0/bin/node /opt/homebrew/bin/npm
1 info using npm@10.9.2
2 info using node@v23.11.0
3 silly config load:file:/opt/homebrew/lib/node_modules/npm/npmrc
4 silly config load:file:/Users/noahvanlienden/stacks-demo/.npmrc
5 silly config load:file:/Users/noahvanlienden/.npmrc
6 silly config load:file:/opt/homebrew/etc/npmrc
7 verbose title npm install @radix-ui/react-avatar @radix-ui/react-progress
8 verbose argv "install" "@radix-ui/react-avatar" "@radix-ui/react-progress" "--cache" "/Users/noahvanlienden/stacks-demo/.npm-cache"
9 verbose logfile logs-max:10 dir:/Users/noahvanlienden/stacks-demo/.npm-cache/_logs/2026-01-20T16_24_41_138Z-
10 verbose logfile /Users/noahvanlienden/stacks-demo/.npm-cache/_logs/2026-01-20T16_24_41_138Z-debug-0.log
11 silly logfile done cleaning log files
12 silly packumentCache heap:2197815296 maxSize:549453824 maxEntrySize:274726912
13 silly idealTree buildDeps
14 silly fetch manifest @radix-ui/react-avatar@*
15 silly packumentCache full:https://registry.npmjs.org/@radix-ui%2freact-avatar cache-miss
16 http fetch GET 200 https://registry.npmjs.org/@radix-ui%2freact-avatar 166ms (cache miss)
17 silly packumentCache full:https://registry.npmjs.org/@radix-ui%2freact-avatar set size:undefined disposed:false
18 silly fetch manifest @types/react@^19
19 silly packumentCache full:https://registry.npmjs.org/@types%2freact cache-miss
20 http fetch GET 200 https://registry.npmjs.org/@types%2freact 66ms (cache miss)
21 silly packumentCache full:https://registry.npmjs.org/@types%2freact set size:undefined disposed:false
22 silly fetch manifest @types/react-dom@^19
23 silly packumentCache full:https://registry.npmjs.org/@types%2freact-dom cache-miss
24 http fetch GET 200 https://registry.npmjs.org/@types%2freact-dom 51ms (cache miss)
25 silly packumentCache full:https://registry.npmjs.org/@types%2freact-dom set size:undefined disposed:false
26 silly fetch manifest react@19.2.3
27 silly packumentCache full:https://registry.npmjs.org/react cache-miss
28 http fetch GET 200 https://registry.npmjs.org/react 102ms (cache miss)
29 silly packumentCache full:https://registry.npmjs.org/react set size:undefined disposed:false
30 silly fetch manifest react-dom@19.2.3
31 silly packumentCache full:https://registry.npmjs.org/react-dom cache-miss
32 http fetch GET 200 https://registry.npmjs.org/react-dom 128ms (cache miss)
33 silly packumentCache full:https://registry.npmjs.org/react-dom set size:undefined disposed:false
34 silly fetch manifest @radix-ui/react-progress@*
35 silly packumentCache full:https://registry.npmjs.org/@radix-ui%2freact-progress cache-miss
36 http fetch GET 200 https://registry.npmjs.org/@radix-ui%2freact-progress 67ms (cache miss)
37 silly packumentCache full:https://registry.npmjs.org/@radix-ui%2freact-progress set size:undefined disposed:false
38 silly placeDep ROOT @radix-ui/react-avatar@1.1.11 OK for: stacks-demo@0.1.0 want: *
39 silly placeDep ROOT @radix-ui/react-progress@1.1.8 OK for: stacks-demo@0.1.0 want: *
40 silly fetch manifest @radix-ui/react-context@1.1.3
41 silly packumentCache full:https://registry.npmjs.org/@radix-ui%2freact-context cache-miss
42 silly fetch manifest @radix-ui/react-primitive@2.1.4
43 silly packumentCache full:https://registry.npmjs.org/@radix-ui%2freact-primitive cache-miss
44 silly fetch manifest @radix-ui/react-use-is-hydrated@0.1.0
45 silly packumentCache full:https://registry.npmjs.org/@radix-ui%2freact-use-is-hydrated cache-miss
46 silly fetch manifest @radix-ui/react-use-callback-ref@1.1.1
47 silly packumentCache full:https://registry.npmjs.org/@radix-ui%2freact-use-callback-ref cache-miss
48 silly fetch manifest @radix-ui/react-use-layout-effect@1.1.1
49 silly packumentCache full:https://registry.npmjs.org/@radix-ui%2freact-use-layout-effect cache-miss
50 silly fetch manifest @radix-ui/react-context@1.1.3
51 silly packumentCache full:https://registry.npmjs.org/@radix-ui%2freact-context cache-miss
52 silly fetch manifest @radix-ui/react-primitive@2.1.4
53 silly packumentCache full:https://registry.npmjs.org/@radix-ui%2freact-primitive cache-miss
54 http fetch GET 200 https://registry.npmjs.org/@radix-ui%2freact-context 62ms (cache miss)
55 silly packumentCache full:https://registry.npmjs.org/@radix-ui%2freact-context set size:undefined disposed:false
56 http fetch GET 200 https://registry.npmjs.org/@radix-ui%2freact-use-layout-effect 110ms (cache miss)
57 silly packumentCache full:https://registry.npmjs.org/@radix-ui%2freact-use-layout-effect set size:undefined disposed:false
58 http fetch GET 200 https://registry.npmjs.org/@radix-ui%2freact-use-is-hydrated 113ms (cache miss)
59 silly packumentCache full:https://registry.npmjs.org/@radix-ui%2freact-use-is-hydrated set size:undefined disposed:false
60 http fetch GET 200 https://registry.npmjs.org/@radix-ui%2freact-use-callback-ref 120ms (cache miss)
61 silly packumentCache full:https://registry.npmjs.org/@radix-ui%2freact-use-callback-ref set size:undefined disposed:false
62 http fetch GET 200 https://registry.npmjs.org/@radix-ui%2freact-primitive 122ms (cache miss)
63 silly packumentCache full:https://registry.npmjs.org/@radix-ui%2freact-primitive set size:undefined disposed:false
64 http fetch GET 200 https://registry.npmjs.org/@radix-ui%2freact-primitive 133ms (cache miss)
65 silly packumentCache full:https://registry.npmjs.org/@radix-ui%2freact-primitive set size:undefined disposed:false
66 http fetch GET 200 https://registry.npmjs.org/@radix-ui%2freact-context 193ms (cache miss)
67 silly packumentCache full:https://registry.npmjs.org/@radix-ui%2freact-context set size:undefined disposed:false
68 silly fetch manifest @types/react@*
69 silly packumentCache full:https://registry.npmjs.org/@types%2freact cache-miss
70 http cache https://registry.npmjs.org/@types%2freact 6ms (cache hit)
71 silly packumentCache full:https://registry.npmjs.org/@types%2freact set size:2551060 disposed:false
72 silly fetch manifest react@^16.8 || ^17.0 || ^18.0 || ^19.0 || ^19.0.0-rc
73 silly packumentCache full:https://registry.npmjs.org/react cache-miss
74 http cache https://registry.npmjs.org/react 8ms (cache hit)
75 silly packumentCache full:https://registry.npmjs.org/react set size:6398188 disposed:false
76 silly fetch manifest @types/react-dom@*
77 silly packumentCache full:https://registry.npmjs.org/@types%2freact-dom cache-miss
78 http cache https://registry.npmjs.org/@types%2freact-dom 1ms (cache hit)
79 silly packumentCache full:https://registry.npmjs.org/@types%2freact-dom set size:429026 disposed:false
80 silly fetch manifest react-dom@^16.8 || ^17.0 || ^18.0 || ^19.0 || ^19.0.0-rc
81 silly packumentCache full:https://registry.npmjs.org/react-dom cache-miss
82 http cache https://registry.npmjs.org/react-dom 11ms (cache hit)
83 silly packumentCache full:https://registry.npmjs.org/react-dom set size:8436180 disposed:false
84 silly placeDep ROOT @radix-ui/react-context@1.1.3 OK for: @radix-ui/react-avatar@1.1.11 want: 1.1.3
85 silly placeDep ROOT @radix-ui/react-primitive@2.1.4 OK for: @radix-ui/react-avatar@1.1.11 want: 2.1.4
86 silly placeDep ROOT @radix-ui/react-use-callback-ref@1.1.1 OK for: @radix-ui/react-avatar@1.1.11 want: 1.1.1
87 silly placeDep ROOT @radix-ui/react-use-is-hydrated@0.1.0 OK for: @radix-ui/react-avatar@1.1.11 want: 0.1.0
88 silly placeDep ROOT @radix-ui/react-use-layout-effect@1.1.1 OK for: @radix-ui/react-avatar@1.1.11 want: 1.1.1
89 silly fetch manifest @radix-ui/react-slot@1.2.4
90 silly packumentCache full:https://registry.npmjs.org/@radix-ui%2freact-slot cache-miss
91 http fetch GET 200 https://registry.npmjs.org/@radix-ui%2freact-slot 51ms (cache miss)
92 silly packumentCache full:https://registry.npmjs.org/@radix-ui%2freact-slot set size:undefined disposed:false
93 silly placeDep ROOT @radix-ui/react-slot@1.2.4 OK for: @radix-ui/react-primitive@2.1.4 want: 1.2.4
94 silly fetch manifest @radix-ui/react-compose-refs@1.1.2
95 silly packumentCache full:https://registry.npmjs.org/@radix-ui%2freact-compose-refs cache-miss
96 http fetch GET 200 https://registry.npmjs.org/@radix-ui%2freact-compose-refs 67ms (cache miss)
97 silly packumentCache full:https://registry.npmjs.org/@radix-ui%2freact-compose-refs set size:undefined disposed:false
98 silly placeDep ROOT @radix-ui/react-compose-refs@1.1.2 OK for: @radix-ui/react-slot@1.2.4 want: 1.1.2
99 silly reify moves {}
100 verbose reify failed optional dependency /Users/noahvanlienden/stacks-demo/node_modules/@tailwindcss/oxide-wasm32-wasi
101 silly reify mark deleted [
101 silly reify   '/Users/noahvanlienden/stacks-demo/node_modules/@tailwindcss/oxide-wasm32-wasi'
101 silly reify ]
102 silly audit bulk request {
102 silly audit   '@alloc/quick-lru': [ '5.2.0' ],
102 silly audit   '@babel/code-frame': [ '7.28.6' ],
102 silly audit   '@babel/compat-data': [ '7.28.6' ],
102 silly audit   '@babel/core': [ '7.28.6' ],
102 silly audit   '@babel/generator': [ '7.28.6' ],
102 silly audit   '@babel/helper-compilation-targets': [ '7.28.6' ],
102 silly audit   '@babel/helper-globals': [ '7.28.0' ],
102 silly audit   '@babel/helper-module-imports': [ '7.28.6' ],
102 silly audit   '@babel/helper-module-transforms': [ '7.28.6' ],
102 silly audit   '@babel/helper-string-parser': [ '7.27.1' ],
102 silly audit   '@babel/helper-validator-identifier': [ '7.28.5' ],
102 silly audit   '@babel/helper-validator-option': [ '7.27.1' ],
102 silly audit   '@babel/helpers': [ '7.28.6' ],
102 silly audit   '@babel/parser': [ '7.28.6' ],
102 silly audit   '@babel/template': [ '7.28.6' ],
102 silly audit   '@babel/traverse': [ '7.28.6' ],
102 silly audit   '@babel/types': [ '7.28.6' ],
102 silly audit   '@emnapi/core': [ '1.8.1' ],
102 silly audit   '@emnapi/runtime': [ '1.8.1' ],
102 silly audit   '@emnapi/wasi-threads': [ '1.1.0' ],
102 silly audit   '@eslint-community/eslint-utils': [ '4.9.1' ],
102 silly audit   'eslint-visitor-keys': [ '3.4.3', '4.2.1' ],
102 silly audit   '@eslint-community/regexpp': [ '4.12.2' ],
102 silly audit   '@eslint/config-array': [ '0.21.1' ],
102 silly audit   '@eslint/config-helpers': [ '0.4.2' ],
102 silly audit   '@eslint/core': [ '0.17.0' ],
102 silly audit   '@eslint/eslintrc': [ '3.3.3' ],
102 silly audit   '@eslint/js': [ '9.39.2' ],
102 silly audit   '@eslint/object-schema': [ '2.1.7' ],
102 silly audit   '@eslint/plugin-kit': [ '0.4.1' ],
102 silly audit   '@humanfs/core': [ '0.19.1' ],
102 silly audit   '@humanfs/node': [ '0.16.7' ],
102 silly audit   '@humanwhocodes/module-importer': [ '1.0.1' ],
102 silly audit   '@humanwhocodes/retry': [ '0.4.3' ],
102 silly audit   '@img/colour': [ '1.0.0' ],
102 silly audit   '@img/sharp-darwin-arm64': [ '0.34.5' ],
102 silly audit   '@img/sharp-darwin-x64': [ '0.34.5' ],
102 silly audit   '@img/sharp-libvips-darwin-arm64': [ '1.2.4' ],
102 silly audit   '@img/sharp-libvips-darwin-x64': [ '1.2.4' ],
102 silly audit   '@img/sharp-libvips-linux-arm': [ '1.2.4' ],
102 silly audit   '@img/sharp-libvips-linux-arm64': [ '1.2.4' ],
102 silly audit   '@img/sharp-libvips-linux-ppc64': [ '1.2.4' ],
102 silly audit   '@img/sharp-libvips-linux-riscv64': [ '1.2.4' ],
102 silly audit   '@img/sharp-libvips-linux-s390x': [ '1.2.4' ],
102 silly audit   '@img/sharp-libvips-linux-x64': [ '1.2.4' ],
102 silly audit   '@img/sharp-libvips-linuxmusl-arm64': [ '1.2.4' ],
102 silly audit   '@img/sharp-libvips-linuxmusl-x64': [ '1.2.4' ],
102 silly audit   '@img/sharp-linux-arm': [ '0.34.5' ],
102 silly audit   '@img/sharp-linux-arm64': [ '0.34.5' ],
102 silly audit   '@img/sharp-linux-ppc64': [ '0.34.5' ],
102 silly audit   '@img/sharp-linux-riscv64': [ '0.34.5' ],
102 silly audit   '@img/sharp-linux-s390x': [ '0.34.5' ],
102 silly audit   '@img/sharp-linux-x64': [ '0.34.5' ],
102 silly audit   '@img/sharp-linuxmusl-arm64': [ '0.34.5' ],
102 silly audit   '@img/sharp-linuxmusl-x64': [ '0.34.5' ],
102 silly audit   '@img/sharp-wasm32': [ '0.34.5' ],
102 silly audit   '@img/sharp-win32-arm64': [ '0.34.5' ],
102 silly audit   '@img/sharp-win32-ia32': [ '0.34.5' ],
102 silly audit   '@img/sharp-win32-x64': [ '0.34.5' ],
102 silly audit   '@jridgewell/gen-mapping': [ '0.3.13' ],
102 silly audit   '@jridgewell/remapping': [ '2.3.5' ],
102 silly audit   '@jridgewell/resolve-uri': [ '3.1.2' ],
102 silly audit   '@jridgewell/sourcemap-codec': [ '1.5.5' ],
102 silly audit   '@jridgewell/trace-mapping': [ '0.3.31' ],
102 silly audit   '@napi-rs/wasm-runtime': [ '0.2.12' ],
102 silly audit   '@next/env': [ '16.1.4' ],
102 silly audit   '@next/eslint-plugin-next': [ '16.1.4' ],
102 silly audit   '@next/swc-darwin-arm64': [ '16.1.4' ],
102 silly audit   '@next/swc-darwin-x64': [ '16.1.4' ],
102 silly audit   '@next/swc-linux-arm64-gnu': [ '16.1.4' ],
102 silly audit   '@next/swc-linux-arm64-musl': [ '16.1.4' ],
102 silly audit   '@next/swc-linux-x64-gnu': [ '16.1.4' ],
102 silly audit   '@next/swc-linux-x64-musl': [ '16.1.4' ],
102 silly audit   '@next/swc-win32-arm64-msvc': [ '16.1.4' ],
102 silly audit   '@next/swc-win32-x64-msvc': [ '16.1.4' ],
102 silly audit   '@nodelib/fs.scandir': [ '2.1.5' ],
102 silly audit   '@nodelib/fs.stat': [ '2.0.5' ],
102 silly audit   '@nodelib/fs.walk': [ '1.2.8' ],
102 silly audit   '@nolyfill/is-core-module': [ '1.0.39' ],
102 silly audit   '@reduxjs/toolkit': [ '2.11.2' ],
102 silly audit   immer: [ '11.1.3', '10.2.0' ],
102 silly audit   '@rtsao/scc': [ '1.1.0' ],
102 silly audit   '@standard-schema/spec': [ '1.1.0' ],
102 silly audit   '@standard-schema/utils': [ '0.3.0' ],
102 silly audit   '@swc/helpers': [ '0.5.15' ],
102 silly audit   '@tailwindcss/node': [ '4.1.18' ],
102 silly audit   '@tailwindcss/oxide': [ '4.1.18' ],
102 silly audit   '@tailwindcss/oxide-android-arm64': [ '4.1.18' ],
102 silly audit   '@tailwindcss/oxide-darwin-arm64': [ '4.1.18' ],
102 silly audit   '@tailwindcss/oxide-darwin-x64': [ '4.1.18' ],
102 silly audit   '@tailwindcss/oxide-freebsd-x64': [ '4.1.18' ],
102 silly audit   '@tailwindcss/oxide-linux-arm-gnueabihf': [ '4.1.18' ],
102 silly audit   '@tailwindcss/oxide-linux-arm64-gnu': [ '4.1.18' ],
102 silly audit   '@tailwindcss/oxide-linux-arm64-musl': [ '4.1.18' ],
102 silly audit   '@tailwindcss/oxide-linux-x64-gnu': [ '4.1.18' ],
102 silly audit   '@tailwindcss/oxide-linux-x64-musl': [ '4.1.18' ],
102 silly audit   '@tailwindcss/oxide-win32-arm64-msvc': [ '4.1.18' ],
102 silly audit   '@tailwindcss/oxide-win32-x64-msvc': [ '4.1.18' ],
102 silly audit   '@tailwindcss/postcss': [ '4.1.18' ],
102 silly audit   '@tybys/wasm-util': [ '0.10.1' ],
102 silly audit   '@types/d3-array': [ '3.2.2' ],
102 silly audit   '@types/d3-color': [ '3.1.3' ],
102 silly audit   '@types/d3-ease': [ '3.0.2' ],
102 silly audit   '@types/d3-interpolate': [ '3.0.4' ],
102 silly audit   '@types/d3-path': [ '3.1.1' ],
102 silly audit   '@types/d3-scale': [ '4.0.9' ],
102 silly audit   '@types/d3-shape': [ '3.1.8' ],
102 silly audit   '@types/d3-time': [ '3.0.4' ],
102 silly audit   '@types/d3-timer': [ '3.0.2' ],
102 silly audit   '@types/estree': [ '1.0.8' ],
102 silly audit   '@types/json-schema': [ '7.0.15' ],
102 silly audit   '@types/json5': [ '0.0.29' ],
102 silly audit   '@types/node': [ '20.19.30' ],
102 silly audit   '@types/react': [ '19.2.9' ],
102 silly audit   '@types/react-dom': [ '19.2.3' ],
102 silly audit   '@types/use-sync-external-store': [ '0.0.6' ],
102 silly audit   '@typescript-eslint/eslint-plugin': [ '8.53.1' ],
102 silly audit   ignore: [ '7.0.5', '5.3.2' ],
102 silly audit   '@typescript-eslint/parser': [ '8.53.1' ],
102 silly audit   '@typescript-eslint/project-service': [ '8.53.1' ],
102 silly audit   '@typescript-eslint/scope-manager': [ '8.53.1' ],
102 silly audit   '@typescript-eslint/tsconfig-utils': [ '8.53.1' ],
102 silly audit   '@typescript-eslint/type-utils': [ '8.53.1' ],
102 silly audit   '@typescript-eslint/types': [ '8.53.1' ],
102 silly audit   '@typescript-eslint/typescript-estree': [ '8.53.1' ],
102 silly audit   'brace-expansion': [ '2.0.2', '1.1.12' ],
102 silly audit   minimatch: [ '9.0.5', '3.1.2' ],
102 silly audit   semver: [ '7.7.3', '6.3.1' ],
102 silly audit   '@typescript-eslint/utils': [ '8.53.1' ],
102 silly audit   '@typescript-eslint/visitor-keys': [ '8.53.1' ],
102 silly audit   '@unrs/resolver-binding-android-arm-eabi': [ '1.11.1' ],
102 silly audit   '@unrs/resolver-binding-android-arm64': [ '1.11.1' ],
102 silly audit   '@unrs/resolver-binding-darwin-arm64': [ '1.11.1' ],
102 silly audit   '@unrs/resolver-binding-darwin-x64': [ '1.11.1' ],
102 silly audit   '@unrs/resolver-binding-freebsd-x64': [ '1.11.1' ],
102 silly audit   '@unrs/resolver-binding-linux-arm-gnueabihf': [ '1.11.1' ],
102 silly audit   '@unrs/resolver-binding-linux-arm-musleabihf': [ '1.11.1' ],
102 silly audit   '@unrs/resolver-binding-linux-arm64-gnu': [ '1.11.1' ],
102 silly audit   '@unrs/resolver-binding-linux-arm64-musl': [ '1.11.1' ],
102 silly audit   '@unrs/resolver-binding-linux-ppc64-gnu': [ '1.11.1' ],
102 silly audit   '@unrs/resolver-binding-linux-riscv64-gnu': [ '1.11.1' ],
102 silly audit   '@unrs/resolver-binding-linux-riscv64-musl': [ '1.11.1' ],
102 silly audit   '@unrs/resolver-binding-linux-s390x-gnu': [ '1.11.1' ],
102 silly audit   '@unrs/resolver-binding-linux-x64-gnu': [ '1.11.1' ],
102 silly audit   '@unrs/resolver-binding-linux-x64-musl': [ '1.11.1' ],
102 silly audit   '@unrs/resolver-binding-wasm32-wasi': [ '1.11.1' ],
102 silly audit   '@unrs/resolver-binding-win32-arm64-msvc': [ '1.11.1' ],
102 silly audit   '@unrs/resolver-binding-win32-ia32-msvc': [ '1.11.1' ],
102 silly audit   '@unrs/resolver-binding-win32-x64-msvc': [ '1.11.1' ],
102 silly audit   acorn: [ '8.15.0' ],
102 silly audit   'acorn-jsx': [ '5.3.2' ],
102 silly audit   ajv: [ '6.12.6' ],
102 silly audit   'ansi-styles': [ '4.3.0' ],
102 silly audit   argparse: [ '2.0.1' ],
102 silly audit   'aria-query': [ '5.3.2' ],
102 silly audit   'array-buffer-byte-length': [ '1.0.2' ],
102 silly audit   'array-includes': [ '3.1.9' ],
102 silly audit   'array.prototype.findlast': [ '1.2.5' ],
102 silly audit   'array.prototype.findlastindex': [ '1.2.6' ],
102 silly audit   'array.prototype.flat': [ '1.3.3' ],
102 silly audit   'array.prototype.flatmap': [ '1.3.3' ],
102 silly audit   'array.prototype.tosorted': [ '1.1.4' ],
102 silly audit   'arraybuffer.prototype.slice': [ '1.0.4' ],
102 silly audit   'ast-types-flow': [ '0.0.8' ],
102 silly audit   'async-function': [ '1.0.0' ],
102 silly audit   'available-typed-arrays': [ '1.0.7' ],
102 silly audit   'axe-core': [ '4.11.1' ],
102 silly audit   'axobject-query': [ '4.1.0' ],
102 silly audit   'balanced-match': [ '1.0.2' ],
102 silly audit   'baseline-browser-mapping': [ '2.9.16' ],
102 silly audit   braces: [ '3.0.3' ],
102 silly audit   browserslist: [ '4.28.1' ],
102 silly audit   'call-bind': [ '1.0.8' ],
102 silly audit   'call-bind-apply-helpers': [ '1.0.2' ],
102 silly audit   'call-bound': [ '1.0.4' ],
102 silly audit   callsites: [ '3.1.0' ],
102 silly audit   'caniuse-lite': [ '1.0.30001765' ],
102 silly audit   chalk: [ '4.1.2' ],
102 silly audit   'class-variance-authority': [ '0.7.1' ],
102 silly audit   'client-only': [ '0.0.1' ],
102 silly audit   clsx: [ '2.1.1' ],
102 silly audit   'color-convert': [ '2.0.1' ],
102 silly audit   'color-name': [ '1.1.4' ],
102 silly audit   'concat-map': [ '0.0.1' ],
102 silly audit   'convert-source-map': [ '2.0.0' ],
102 silly audit   'cross-spawn': [ '7.0.6' ],
102 silly audit   csstype: [ '3.2.3' ],
102 silly audit   'd3-array': [ '3.2.4' ],
102 silly audit   'd3-color': [ '3.1.0' ],
102 silly audit   'd3-ease': [ '3.0.1' ],
102 silly audit   'd3-format': [ '3.1.2' ],
102 silly audit   'd3-interpolate': [ '3.0.1' ],
102 silly audit   'd3-path': [ '3.1.0' ],
102 silly audit   'd3-scale': [ '4.0.2' ],
102 silly audit   'd3-shape': [ '3.2.0' ],
102 silly audit   'd3-time': [ '3.1.0' ],
102 silly audit   'd3-time-format': [ '4.1.0' ],
102 silly audit   'd3-timer': [ '3.0.1' ],
102 silly audit   'damerau-levenshtein': [ '1.0.8' ],
102 silly audit   'data-view-buffer': [ '1.0.2' ],
102 silly audit   'data-view-byte-length': [ '1.0.2' ],
102 silly audit   'data-view-byte-offset': [ '1.0.1' ],
102 silly audit   debug: [ '4.4.3', '3.2.7' ],
102 silly audit   'decimal.js-light': [ '2.5.1' ],
102 silly audit   'deep-is': [ '0.1.4' ],
102 silly audit   'define-data-property': [ '1.1.4' ],
102 silly audit   'define-properties': [ '1.2.1' ],
102 silly audit   'detect-libc': [ '2.1.2' ],
102 silly audit   doctrine: [ '2.1.0' ],
102 silly audit   'dunder-proto': [ '1.0.1' ],
102 silly audit   'electron-to-chromium': [ '1.5.267' ],
102 silly audit   'emoji-regex': [ '9.2.2' ],
102 silly audit   'enhanced-resolve': [ '5.18.4' ],
102 silly audit   'es-abstract': [ '1.24.1' ],
102 silly audit   'es-define-property': [ '1.0.1' ],
102 silly audit   'es-errors': [ '1.3.0' ],
102 silly audit   'es-iterator-helpers': [ '1.2.2' ],
102 silly audit   'es-object-atoms': [ '1.1.1' ],
102 silly audit   'es-set-tostringtag': [ '2.1.0' ],
102 silly audit   'es-shim-unscopables': [ '1.1.0' ],
102 silly audit   'es-to-primitive': [ '1.3.0' ],
102 silly audit   'es-toolkit': [ '1.44.0' ],
102 silly audit   escalade: [ '3.2.0' ],
102 silly audit   'escape-string-regexp': [ '4.0.0' ],
102 silly audit   eslint: [ '9.39.2' ],
102 silly audit   'eslint-config-next': [ '16.1.4' ],
102 silly audit   globals: [ '16.4.0', '14.0.0' ],
102 silly audit   'eslint-import-resolver-node': [ '0.3.9' ],
102 silly audit   'eslint-import-resolver-typescript': [ '3.10.1' ],
102 silly audit   'eslint-module-utils': [ '2.12.1' ],
102 silly audit   'eslint-plugin-import': [ '2.32.0' ],
102 silly audit   'eslint-plugin-jsx-a11y': [ '6.10.2' ],
102 silly audit   'eslint-plugin-react': [ '7.37.5' ],
102 silly audit   'eslint-plugin-react-hooks': [ '7.0.1' ],
102 silly audit   resolve: [ '2.0.0-next.5', '1.22.11' ],
102 silly audit   'eslint-scope': [ '8.4.0' ],
102 silly audit   espree: [ '10.4.0' ],
102 silly audit   esquery: [ '1.7.0' ],
102 silly audit   esrecurse: [ '4.3.0' ],
102 silly audit   estraverse: [ '5.3.0' ],
102 silly audit   esutils: [ '2.0.3' ],
102 silly audit   eventemitter3: [ '5.0.4' ],
102 silly audit   'fast-deep-equal': [ '3.1.3' ],
102 silly audit   'fast-glob': [ '3.3.1' ],
102 silly audit   'glob-parent': [ '5.1.2', '6.0.2' ],
102 silly audit   'fast-json-stable-stringify': [ '2.1.0' ],
102 silly audit   'fast-levenshtein': [ '2.0.6' ],
102 silly audit   fastq: [ '1.20.1' ],
102 silly audit   'file-entry-cache': [ '8.0.0' ],
102 silly audit   'fill-range': [ '7.1.1' ],
102 silly audit   'find-up': [ '5.0.0' ],
102 silly audit   'flat-cache': [ '4.0.1' ],
102 silly audit   flatted: [ '3.3.3' ],
102 silly audit   'for-each': [ '0.3.5' ],
102 silly audit   'function-bind': [ '1.1.2' ],
102 silly audit   'function.prototype.name': [ '1.1.8' ],
102 silly audit   'functions-have-names': [ '1.2.3' ],
102 silly audit   'generator-function': [ '2.0.1' ],
102 silly audit   gensync: [ '1.0.0-beta.2' ],
102 silly audit   'get-intrinsic': [ '1.3.0' ],
102 silly audit   'get-proto': [ '1.0.1' ],
102 silly audit   'get-symbol-description': [ '1.1.0' ],
102 silly audit   'get-tsconfig': [ '4.13.0' ],
102 silly audit   globalthis: [ '1.0.4' ],
102 silly audit   gopd: [ '1.2.0' ],
102 silly audit   'graceful-fs': [ '4.2.11' ],
102 silly audit   'has-bigints': [ '1.1.0' ],
102 silly audit   'has-flag': [ '4.0.0' ],
102 silly audit   'has-property-descriptors': [ '1.0.2' ],
102 silly audit   'has-proto': [ '1.2.0' ],
102 silly audit   'has-symbols': [ '1.1.0' ],
102 silly audit   'has-tostringtag': [ '1.0.2' ],
102 silly audit   hasown: [ '2.0.2' ],
102 silly audit   'hermes-estree': [ '0.25.1' ],
102 silly audit   'hermes-parser': [ '0.25.1' ],
102 silly audit   'import-fresh': [ '3.3.1' ],
102 silly audit   imurmurhash: [ '0.1.4' ],
102 silly audit   'internal-slot': [ '1.1.0' ],
102 silly audit   internmap: [ '2.0.3' ],
102 silly audit   'is-array-buffer': [ '3.0.5' ],
102 silly audit   'is-async-function': [ '2.1.1' ],
102 silly audit   'is-bigint': [ '1.1.0' ],
102 silly audit   'is-boolean-object': [ '1.2.2' ],
102 silly audit   'is-bun-module': [ '2.0.0' ],
102 silly audit   'is-callable': [ '1.2.7' ],
102 silly audit   'is-core-module': [ '2.16.1' ],
102 silly audit   'is-data-view': [ '1.0.2' ],
102 silly audit   'is-date-object': [ '1.1.0' ],
102 silly audit   'is-extglob': [ '2.1.1' ],
102 silly audit   'is-finalizationregistry': [ '1.1.1' ],
102 silly audit   'is-generator-function': [ '1.1.2' ],
102 silly audit   'is-glob': [ '4.0.3' ],
102 silly audit   'is-map': [ '2.0.3' ],
102 silly audit   'is-negative-zero': [ '2.0.3' ],
102 silly audit   'is-number': [ '7.0.0' ],
102 silly audit   'is-number-object': [ '1.1.1' ],
102 silly audit   'is-regex': [ '1.2.1' ],
102 silly audit   'is-set': [ '2.0.3' ],
102 silly audit   'is-shared-array-buffer': [ '1.0.4' ],
102 silly audit   'is-string': [ '1.1.1' ],
102 silly audit   'is-symbol': [ '1.1.1' ],
102 silly audit   'is-typed-array': [ '1.1.15' ],
102 silly audit   'is-weakmap': [ '2.0.2' ],
102 silly audit   'is-weakref': [ '1.1.1' ],
102 silly audit   'is-weakset': [ '2.0.4' ],
102 silly audit   isarray: [ '2.0.5' ],
102 silly audit   isexe: [ '2.0.0' ],
102 silly audit   'iterator.prototype': [ '1.1.5' ],
102 silly audit   jiti: [ '2.6.1' ],
102 silly audit   'js-tokens': [ '4.0.0' ],
102 silly audit   'js-yaml': [ '4.1.1' ],
102 silly audit   jsesc: [ '3.1.0' ],
102 silly audit   'json-buffer': [ '3.0.1' ],
102 silly audit   'json-schema-traverse': [ '0.4.1' ],
102 silly audit   'json-stable-stringify-without-jsonify': [ '1.0.1' ],
102 silly audit   json5: [ '2.2.3', '1.0.2' ],
102 silly audit   'jsx-ast-utils': [ '3.3.5' ],
102 silly audit   keyv: [ '4.5.4' ],
102 silly audit   'language-subtag-registry': [ '0.3.23' ],
102 silly audit   'language-tags': [ '1.0.9' ],
102 silly audit   levn: [ '0.4.1' ],
102 silly audit   lightningcss: [ '1.30.2' ],
102 silly audit   'lightningcss-android-arm64': [ '1.30.2' ],
102 silly audit   'lightningcss-darwin-arm64': [ '1.30.2' ],
102 silly audit   'lightningcss-darwin-x64': [ '1.30.2' ],
102 silly audit   'lightningcss-freebsd-x64': [ '1.30.2' ],
102 silly audit   'lightningcss-linux-arm-gnueabihf': [ '1.30.2' ],
102 silly audit   'lightningcss-linux-arm64-gnu': [ '1.30.2' ],
102 silly audit   'lightningcss-linux-arm64-musl': [ '1.30.2' ],
102 silly audit   'lightningcss-linux-x64-gnu': [ '1.30.2' ],
102 silly audit   'lightningcss-linux-x64-musl': [ '1.30.2' ],
102 silly audit   'lightningcss-win32-arm64-msvc': [ '1.30.2' ],
102 silly audit   'lightningcss-win32-x64-msvc': [ '1.30.2' ],
102 silly audit   'locate-path': [ '6.0.0' ],
102 silly audit   'lodash.merge': [ '4.6.2' ],
102 silly audit   'loose-envify': [ '1.4.0' ],
102 silly audit   'lru-cache': [ '5.1.1' ],
102 silly audit   'lucide-react': [ '0.562.0' ],
102 silly audit   'magic-string': [ '0.30.21' ],
102 silly audit   'math-intrinsics': [ '1.1.0' ],
102 silly audit   merge2: [ '1.4.1' ],
102 silly audit   micromatch: [ '4.0.8' ],
102 silly audit   minimist: [ '1.2.8' ],
102 silly audit   ms: [ '2.1.3' ],
102 silly audit   nanoid: [ '3.3.11' ],
102 silly audit   'napi-postinstall': [ '0.3.4' ],
102 silly audit   'natural-compare': [ '1.4.0' ],
102 silly audit   next: [ '16.1.4' ],
102 silly audit   postcss: [ '8.4.31', '8.5.6' ],
102 silly audit   'node-releases': [ '2.0.27' ],
102 silly audit   'object-assign': [ '4.1.1' ],
102 silly audit   'object-inspect': [ '1.13.4' ],
102 silly audit   'object-keys': [ '1.1.1' ],
102 silly audit   'object.assign': [ '4.1.7' ],
102 silly audit   'object.entries': [ '1.1.9' ],
102 silly audit   'object.fromentries': [ '2.0.8' ],
102 silly audit   'object.groupby': [ '1.0.3' ],
102 silly audit   'object.values': [ '1.2.1' ],
102 silly audit   optionator: [ '0.9.4' ],
102 silly audit   'own-keys': [ '1.0.1' ],
102 silly audit   'p-limit': [ '3.1.0' ],
102 silly audit   'p-locate': [ '5.0.0' ],
102 silly audit   'parent-module': [ '1.0.1' ],
102 silly audit   'path-exists': [ '4.0.0' ],
102 silly audit   'path-key': [ '3.1.1' ],
102 silly audit   'path-parse': [ '1.0.7' ],
102 silly audit   picocolors: [ '1.1.1' ],
102 silly audit   picomatch: [ '2.3.1', '4.0.3' ],
102 silly audit   'possible-typed-array-names': [ '1.1.0' ],
102 silly audit   'prelude-ls': [ '1.2.1' ],
102 silly audit   'prop-types': [ '15.8.1' ],
102 silly audit   punycode: [ '2.3.1' ],
102 silly audit   'queue-microtask': [ '1.2.3' ],
102 silly audit   react: [ '19.2.3' ],
102 silly audit   'react-dom': [ '19.2.3' ],
102 silly audit   'react-is': [ '16.13.1' ],
102 silly audit   'react-redux': [ '9.2.0' ],
102 silly audit   recharts: [ '3.6.0' ],
102 silly audit   redux: [ '5.0.1' ],
102 silly audit   'redux-thunk': [ '3.1.0' ],
102 silly audit   'reflect.getprototypeof': [ '1.0.10' ],
102 silly audit   'regexp.prototype.flags': [ '1.5.4' ],
102 silly audit   reselect: [ '5.1.1' ],
102 silly audit   'resolve-from': [ '4.0.0' ],
102 silly audit   'resolve-pkg-maps': [ '1.0.0' ],
102 silly audit   reusify: [ '1.1.0' ],
102 silly audit   'run-parallel': [ '1.2.0' ],
102 silly audit   'safe-array-concat': [ '1.1.3' ],
102 silly audit   'safe-push-apply': [ '1.0.0' ],
102 silly audit   'safe-regex-test': [ '1.1.0' ],
102 silly audit   scheduler: [ '0.27.0' ],
102 silly audit   'set-function-length': [ '1.2.2' ],
102 silly audit   'set-function-name': [ '2.0.2' ],
102 silly audit   'set-proto': [ '1.0.0' ],
102 silly audit   sharp: [ '0.34.5' ],
102 silly audit   'shebang-command': [ '2.0.0' ],
102 silly audit   'shebang-regex': [ '3.0.0' ],
102 silly audit   'side-channel': [ '1.1.0' ],
102 silly audit   'side-channel-list': [ '1.0.0' ],
102 silly audit   'side-channel-map': [ '1.0.1' ],
102 silly audit   'side-channel-weakmap': [ '1.0.2' ],
102 silly audit   'source-map-js': [ '1.2.1' ],
102 silly audit   'stable-hash': [ '0.0.5' ],
102 silly audit   'stop-iteration-iterator': [ '1.1.0' ],
102 silly audit   'string.prototype.includes': [ '2.0.1' ],
102 silly audit   'string.prototype.matchall': [ '4.0.12' ],
102 silly audit   'string.prototype.repeat': [ '1.0.0' ],
102 silly audit   'string.prototype.trim': [ '1.2.10' ],
102 silly audit   'string.prototype.trimend': [ '1.0.9' ],
102 silly audit   'string.prototype.trimstart': [ '1.0.8' ],
102 silly audit   'strip-bom': [ '3.0.0' ],
102 silly audit   'strip-json-comments': [ '3.1.1' ],
102 silly audit   'styled-jsx': [ '5.1.6' ],
102 silly audit   'supports-color': [ '7.2.0' ],
102 silly audit   'supports-preserve-symlinks-flag': [ '1.0.0' ],
102 silly audit   'tailwind-merge': [ '3.4.0' ],
102 silly audit   tailwindcss: [ '4.1.18' ],
102 silly audit   tapable: [ '2.3.0' ],
102 silly audit   'tiny-invariant': [ '1.3.3' ],
102 silly audit   tinyglobby: [ '0.2.15' ],
102 silly audit   fdir: [ '6.5.0' ],
102 silly audit   'to-regex-range': [ '5.0.1' ],
102 silly audit   'ts-api-utils': [ '2.4.0' ],
102 silly audit   'tsconfig-paths': [ '3.15.0' ],
102 silly audit   tslib: [ '2.8.1' ],
102 silly audit   'tw-animate-css': [ '1.4.0' ],
102 silly audit   'type-check': [ '0.4.0' ],
102 silly audit   'typed-array-buffer': [ '1.0.3' ],
102 silly audit   'typed-array-byte-length': [ '1.0.3' ],
102 silly audit   'typed-array-byte-offset': [ '1.0.4' ],
102 silly audit   'typed-array-length': [ '1.0.7' ],
102 silly audit   typescript: [ '5.9.3' ],
102 silly audit   'typescript-eslint': [ '8.53.1' ],
102 silly audit   'unbox-primitive': [ '1.1.0' ],
102 silly audit   'undici-types': [ '6.21.0' ],
102 silly audit   'unrs-resolver': [ '1.11.1' ],
102 silly audit   'update-browserslist-db': [ '1.2.3' ],
102 silly audit   'uri-js': [ '4.4.1' ],
102 silly audit   'use-sync-external-store': [ '1.6.0' ],
102 silly audit   'victory-vendor': [ '37.3.6' ],
102 silly audit   which: [ '2.0.2' ],
102 silly audit   'which-boxed-primitive': [ '1.1.1' ],
102 silly audit   'which-builtin-type': [ '1.2.1' ],
102 silly audit   'which-collection': [ '1.0.2' ],
102 silly audit   'which-typed-array': [ '1.1.20' ],
102 silly audit   'word-wrap': [ '1.2.5' ],
102 silly audit   yallist: [ '3.1.1' ],
102 silly audit   'yocto-queue': [ '0.1.0' ],
102 silly audit   zod: [ '4.3.5' ],
102 silly audit   'zod-validation-error': [ '4.0.2' ],
102 silly audit   '@radix-ui/react-avatar': [ '1.1.11' ],
102 silly audit   '@radix-ui/react-progress': [ '1.1.8' ],
102 silly audit   '@radix-ui/react-context': [ '1.1.3' ],
102 silly audit   '@radix-ui/react-primitive': [ '2.1.4' ],
102 silly audit   '@radix-ui/react-use-callback-ref': [ '1.1.1' ],
102 silly audit   '@radix-ui/react-use-is-hydrated': [ '0.1.0' ],
102 silly audit   '@radix-ui/react-use-layout-effect': [ '1.1.1' ],
102 silly audit   '@radix-ui/react-slot': [ '1.2.4' ],
102 silly audit   '@radix-ui/react-compose-refs': [ '1.1.2' ],
102 silly audit   '@tailwindcss/oxide-wasm32-wasi': [ '4.1.18' ]
102 silly audit }
103 verbose reify failed optional dependency /Users/noahvanlienden/stacks-demo/node_modules/lightningcss-win32-x64-msvc
104 silly reify mark deleted [
104 silly reify   '/Users/noahvanlienden/stacks-demo/node_modules/lightningcss-win32-x64-msvc'
104 silly reify ]
105 verbose reify failed optional dependency /Users/noahvanlienden/stacks-demo/node_modules/lightningcss-win32-arm64-msvc
106 silly reify mark deleted [
106 silly reify   '/Users/noahvanlienden/stacks-demo/node_modules/lightningcss-win32-arm64-msvc'
106 silly reify ]
107 verbose reify failed optional dependency /Users/noahvanlienden/stacks-demo/node_modules/lightningcss-linux-x64-musl
108 silly reify mark deleted [
108 silly reify   '/Users/noahvanlienden/stacks-demo/node_modules/lightningcss-linux-x64-musl'
108 silly reify ]
109 verbose reify failed optional dependency /Users/noahvanlienden/stacks-demo/node_modules/lightningcss-linux-x64-gnu
110 silly reify mark deleted [
110 silly reify   '/Users/noahvanlienden/stacks-demo/node_modules/lightningcss-linux-x64-gnu'
110 silly reify ]
111 verbose reify failed optional dependency /Users/noahvanlienden/stacks-demo/node_modules/lightningcss-linux-arm64-musl
112 silly reify mark deleted [
112 silly reify   '/Users/noahvanlienden/stacks-demo/node_modules/lightningcss-linux-arm64-musl'
112 silly reify ]
113 verbose reify failed optional dependency /Users/noahvanlienden/stacks-demo/node_modules/lightningcss-linux-arm64-gnu
114 silly reify mark deleted [
114 silly reify   '/Users/noahvanlienden/stacks-demo/node_modules/lightningcss-linux-arm64-gnu'
114 silly reify ]
115 verbose reify failed optional dependency /Users/noahvanlienden/stacks-demo/node_modules/lightningcss-linux-arm-gnueabihf
116 silly reify mark deleted [
116 silly reify   '/Users/noahvanlienden/stacks-demo/node_modules/lightningcss-linux-arm-gnueabihf'
116 silly reify ]
117 verbose reify failed optional dependency /Users/noahvanlienden/stacks-demo/node_modules/lightningcss-freebsd-x64
118 silly reify mark deleted [
118 silly reify   '/Users/noahvanlienden/stacks-demo/node_modules/lightningcss-freebsd-x64'
118 silly reify ]
119 verbose reify failed optional dependency /Users/noahvanlienden/stacks-demo/node_modules/lightningcss-darwin-x64
120 silly reify mark deleted [
120 silly reify   '/Users/noahvanlienden/stacks-demo/node_modules/lightningcss-darwin-x64'
120 silly reify ]
121 verbose reify failed optional dependency /Users/noahvanlienden/stacks-demo/node_modules/lightningcss-android-arm64
122 silly reify mark deleted [
122 silly reify   '/Users/noahvanlienden/stacks-demo/node_modules/lightningcss-android-arm64'
122 silly reify ]
123 verbose reify failed optional dependency /Users/noahvanlienden/stacks-demo/node_modules/@unrs/resolver-binding-win32-x64-msvc
124 silly reify mark deleted [
124 silly reify   '/Users/noahvanlienden/stacks-demo/node_modules/@unrs/resolver-binding-win32-x64-msvc'
124 silly reify ]
125 verbose reify failed optional dependency /Users/noahvanlienden/stacks-demo/node_modules/@unrs/resolver-binding-win32-ia32-msvc
126 silly reify mark deleted [
126 silly reify   '/Users/noahvanlienden/stacks-demo/node_modules/@unrs/resolver-binding-win32-ia32-msvc'
126 silly reify ]
127 verbose reify failed optional dependency /Users/noahvanlienden/stacks-demo/node_modules/@unrs/resolver-binding-win32-arm64-msvc
128 silly reify mark deleted [
128 silly reify   '/Users/noahvanlienden/stacks-demo/node_modules/@unrs/resolver-binding-win32-arm64-msvc'
128 silly reify ]
129 verbose reify failed optional dependency /Users/noahvanlienden/stacks-demo/node_modules/@unrs/resolver-binding-wasm32-wasi
130 silly reify mark deleted [
130 silly reify   '/Users/noahvanlienden/stacks-demo/node_modules/@unrs/resolver-binding-wasm32-wasi'
130 silly reify ]
131 verbose reify failed optional dependency /Users/noahvanlienden/stacks-demo/node_modules/@unrs/resolver-binding-linux-x64-musl
132 silly reify mark deleted [
132 silly reify   '/Users/noahvanlienden/stacks-demo/node_modules/@unrs/resolver-binding-linux-x64-musl'
132 silly reify ]
133 verbose reify failed optional dependency /Users/noahvanlienden/stacks-demo/node_modules/@unrs/resolver-binding-linux-x64-gnu
134 silly reify mark deleted [
134 silly reify   '/Users/noahvanlienden/stacks-demo/node_modules/@unrs/resolver-binding-linux-x64-gnu'
134 silly reify ]
135 verbose reify failed optional dependency /Users/noahvanlienden/stacks-demo/node_modules/@unrs/resolver-binding-linux-s390x-gnu
136 silly reify mark deleted [
136 silly reify   '/Users/noahvanlienden/stacks-demo/node_modules/@unrs/resolver-binding-linux-s390x-gnu'
136 silly reify ]
137 verbose reify failed optional dependency /Users/noahvanlienden/stacks-demo/node_modules/@unrs/resolver-binding-linux-riscv64-musl
138 silly reify mark deleted [
138 silly reify   '/Users/noahvanlienden/stacks-demo/node_modules/@unrs/resolver-binding-linux-riscv64-musl'
138 silly reify ]
139 verbose reify failed optional dependency /Users/noahvanlienden/stacks-demo/node_modules/@unrs/resolver-binding-linux-riscv64-gnu
140 silly reify mark deleted [
140 silly reify   '/Users/noahvanlienden/stacks-demo/node_modules/@unrs/resolver-binding-linux-riscv64-gnu'
140 silly reify ]
141 verbose reify failed optional dependency /Users/noahvanlienden/stacks-demo/node_modules/@unrs/resolver-binding-linux-ppc64-gnu
142 silly reify mark deleted [
142 silly reify   '/Users/noahvanlienden/stacks-demo/node_modules/@unrs/resolver-binding-linux-ppc64-gnu'
142 silly reify ]
143 verbose reify failed optional dependency /Users/noahvanlienden/stacks-demo/node_modules/@unrs/resolver-binding-linux-arm64-musl
144 silly reify mark deleted [
144 silly reify   '/Users/noahvanlienden/stacks-demo/node_modules/@unrs/resolver-binding-linux-arm64-musl'
144 silly reify ]
145 verbose reify failed optional dependency /Users/noahvanlienden/stacks-demo/node_modules/@unrs/resolver-binding-linux-arm64-gnu
146 silly reify mark deleted [
146 silly reify   '/Users/noahvanlienden/stacks-demo/node_modules/@unrs/resolver-binding-linux-arm64-gnu'
146 silly reify ]
147 verbose reify failed optional dependency /Users/noahvanlienden/stacks-demo/node_modules/@unrs/resolver-binding-linux-arm-musleabihf
148 silly reify mark deleted [
148 silly reify   '/Users/noahvanlienden/stacks-demo/node_modules/@unrs/resolver-binding-linux-arm-musleabihf'
148 silly reify ]
149 verbose reify failed optional dependency /Users/noahvanlienden/stacks-demo/node_modules/@unrs/resolver-binding-linux-arm-gnueabihf
150 silly reify mark deleted [
150 silly reify   '/Users/noahvanlienden/stacks-demo/node_modules/@unrs/resolver-binding-linux-arm-gnueabihf'
150 silly reify ]
151 verbose reify failed optional dependency /Users/noahvanlienden/stacks-demo/node_modules/@unrs/resolver-binding-freebsd-x64
152 silly reify mark deleted [
152 silly reify   '/Users/noahvanlienden/stacks-demo/node_modules/@unrs/resolver-binding-freebsd-x64'
152 silly reify ]
153 verbose reify failed optional dependency /Users/noahvanlienden/stacks-demo/node_modules/@unrs/resolver-binding-darwin-x64
154 silly reify mark deleted [
154 silly reify   '/Users/noahvanlienden/stacks-demo/node_modules/@unrs/resolver-binding-darwin-x64'
154 silly reify ]
155 verbose reify failed optional dependency /Users/noahvanlienden/stacks-demo/node_modules/@unrs/resolver-binding-android-arm64
156 silly reify mark deleted [
156 silly reify   '/Users/noahvanlienden/stacks-demo/node_modules/@unrs/resolver-binding-android-arm64'
156 silly reify ]
157 verbose reify failed optional dependency /Users/noahvanlienden/stacks-demo/node_modules/@unrs/resolver-binding-android-arm-eabi
158 silly reify mark deleted [
158 silly reify   '/Users/noahvanlienden/stacks-demo/node_modules/@unrs/resolver-binding-android-arm-eabi'
158 silly reify ]
159 verbose reify failed optional dependency /Users/noahvanlienden/stacks-demo/node_modules/@tailwindcss/oxide-win32-x64-msvc
160 silly reify mark deleted [
160 silly reify   '/Users/noahvanlienden/stacks-demo/node_modules/@tailwindcss/oxide-win32-x64-msvc'
160 silly reify ]
161 verbose reify failed optional dependency /Users/noahvanlienden/stacks-demo/node_modules/@tailwindcss/oxide-win32-arm64-msvc
162 silly reify mark deleted [
162 silly reify   '/Users/noahvanlienden/stacks-demo/node_modules/@tailwindcss/oxide-win32-arm64-msvc'
162 silly reify ]
163 verbose reify failed optional dependency /Users/noahvanlienden/stacks-demo/node_modules/@tailwindcss/oxide-linux-x64-musl
164 silly reify mark deleted [
164 silly reify   '/Users/noahvanlienden/stacks-demo/node_modules/@tailwindcss/oxide-linux-x64-musl'
164 silly reify ]
165 verbose reify failed optional dependency /Users/noahvanlienden/stacks-demo/node_modules/@tailwindcss/oxide-linux-x64-gnu
166 silly reify mark deleted [
166 silly reify   '/Users/noahvanlienden/stacks-demo/node_modules/@tailwindcss/oxide-linux-x64-gnu'
166 silly reify ]
167 verbose reify failed optional dependency /Users/noahvanlienden/stacks-demo/node_modules/@tailwindcss/oxide-linux-arm64-musl
168 silly reify mark deleted [
168 silly reify   '/Users/noahvanlienden/stacks-demo/node_modules/@tailwindcss/oxide-linux-arm64-musl'
168 silly reify ]
169 verbose reify failed optional dependency /Users/noahvanlienden/stacks-demo/node_modules/@tailwindcss/oxide-linux-arm64-gnu
170 silly reify mark deleted [
170 silly reify   '/Users/noahvanlienden/stacks-demo/node_modules/@tailwindcss/oxide-linux-arm64-gnu'
170 silly reify ]
171 verbose reify failed optional dependency /Users/noahvanlienden/stacks-demo/node_modules/@tailwindcss/oxide-linux-arm-gnueabihf
172 silly reify mark deleted [
172 silly reify   '/Users/noahvanlienden/stacks-demo/node_modules/@tailwindcss/oxide-linux-arm-gnueabihf'
172 silly reify ]
173 verbose reify failed optional dependency /Users/noahvanlienden/stacks-demo/node_modules/@tailwindcss/oxide-freebsd-x64
174 silly reify mark deleted [
174 silly reify   '/Users/noahvanlienden/stacks-demo/node_modules/@tailwindcss/oxide-freebsd-x64'
174 silly reify ]
175 verbose reify failed optional dependency /Users/noahvanlienden/stacks-demo/node_modules/@tailwindcss/oxide-darwin-x64
176 silly reify mark deleted [
176 silly reify   '/Users/noahvanlienden/stacks-demo/node_modules/@tailwindcss/oxide-darwin-x64'
176 silly reify ]
177 verbose reify failed optional dependency /Users/noahvanlienden/stacks-demo/node_modules/@tailwindcss/oxide-android-arm64
178 silly reify mark deleted [
178 silly reify   '/Users/noahvanlienden/stacks-demo/node_modules/@tailwindcss/oxide-android-arm64'
178 silly reify ]
179 verbose reify failed optional dependency /Users/noahvanlienden/stacks-demo/node_modules/@next/swc-win32-x64-msvc
180 silly reify mark deleted [
180 silly reify   '/Users/noahvanlienden/stacks-demo/node_modules/@next/swc-win32-x64-msvc'
180 silly reify ]
181 verbose reify failed optional dependency /Users/noahvanlienden/stacks-demo/node_modules/@next/swc-win32-arm64-msvc
182 silly reify mark deleted [
182 silly reify   '/Users/noahvanlienden/stacks-demo/node_modules/@next/swc-win32-arm64-msvc'
182 silly reify ]
183 verbose reify failed optional dependency /Users/noahvanlienden/stacks-demo/node_modules/@next/swc-linux-x64-musl
184 silly reify mark deleted [
184 silly reify   '/Users/noahvanlienden/stacks-demo/node_modules/@next/swc-linux-x64-musl'
184 silly reify ]
185 verbose reify failed optional dependency /Users/noahvanlienden/stacks-demo/node_modules/@next/swc-linux-x64-gnu
186 silly reify mark deleted [
186 silly reify   '/Users/noahvanlienden/stacks-demo/node_modules/@next/swc-linux-x64-gnu'
186 silly reify ]
187 verbose reify failed optional dependency /Users/noahvanlienden/stacks-demo/node_modules/@next/swc-linux-arm64-musl
188 silly reify mark deleted [
188 silly reify   '/Users/noahvanlienden/stacks-demo/node_modules/@next/swc-linux-arm64-musl'
188 silly reify ]
189 verbose reify failed optional dependency /Users/noahvanlienden/stacks-demo/node_modules/@next/swc-linux-arm64-gnu
190 silly reify mark deleted [
190 silly reify   '/Users/noahvanlienden/stacks-demo/node_modules/@next/swc-linux-arm64-gnu'
190 silly reify ]
191 verbose reify failed optional dependency /Users/noahvanlienden/stacks-demo/node_modules/@next/swc-darwin-x64
192 silly reify mark deleted [
192 silly reify   '/Users/noahvanlienden/stacks-demo/node_modules/@next/swc-darwin-x64'
192 silly reify ]
193 verbose reify failed optional dependency /Users/noahvanlienden/stacks-demo/node_modules/@img/sharp-win32-x64
194 silly reify mark deleted [
194 silly reify   '/Users/noahvanlienden/stacks-demo/node_modules/@img/sharp-win32-x64'
194 silly reify ]
195 verbose reify failed optional dependency /Users/noahvanlienden/stacks-demo/node_modules/@img/sharp-win32-ia32
196 silly reify mark deleted [
196 silly reify   '/Users/noahvanlienden/stacks-demo/node_modules/@img/sharp-win32-ia32'
196 silly reify ]
197 verbose reify failed optional dependency /Users/noahvanlienden/stacks-demo/node_modules/@img/sharp-win32-arm64
198 silly reify mark deleted [
198 silly reify   '/Users/noahvanlienden/stacks-demo/node_modules/@img/sharp-win32-arm64'
198 silly reify ]
199 verbose reify failed optional dependency /Users/noahvanlienden/stacks-demo/node_modules/@img/sharp-wasm32
200 silly reify mark deleted [ '/Users/noahvanlienden/stacks-demo/node_modules/@img/sharp-wasm32' ]
201 verbose reify failed optional dependency /Users/noahvanlienden/stacks-demo/node_modules/@img/sharp-linuxmusl-x64
202 silly reify mark deleted [
202 silly reify   '/Users/noahvanlienden/stacks-demo/node_modules/@img/sharp-linuxmusl-x64'
202 silly reify ]
203 verbose reify failed optional dependency /Users/noahvanlienden/stacks-demo/node_modules/@img/sharp-linuxmusl-arm64
204 silly reify mark deleted [
204 silly reify   '/Users/noahvanlienden/stacks-demo/node_modules/@img/sharp-linuxmusl-arm64'
204 silly reify ]
205 verbose reify failed optional dependency /Users/noahvanlienden/stacks-demo/node_modules/@img/sharp-linux-x64
206 silly reify mark deleted [
206 silly reify   '/Users/noahvanlienden/stacks-demo/node_modules/@img/sharp-linux-x64'
206 silly reify ]
207 verbose reify failed optional dependency /Users/noahvanlienden/stacks-demo/node_modules/@img/sharp-linux-s390x
208 silly reify mark deleted [
208 silly reify   '/Users/noahvanlienden/stacks-demo/node_modules/@img/sharp-linux-s390x'
208 silly reify ]
209 verbose reify failed optional dependency /Users/noahvanlienden/stacks-demo/node_modules/@img/sharp-linux-riscv64
210 silly reify mark deleted [
210 silly reify   '/Users/noahvanlienden/stacks-demo/node_modules/@img/sharp-linux-riscv64'
210 silly reify ]
211 verbose reify failed optional dependency /Users/noahvanlienden/stacks-demo/node_modules/@img/sharp-linux-ppc64
212 silly reify mark deleted [
212 silly reify   '/Users/noahvanlienden/stacks-demo/node_modules/@img/sharp-linux-ppc64'
212 silly reify ]
213 verbose reify failed optional dependency /Users/noahvanlienden/stacks-demo/node_modules/@img/sharp-linux-arm64
214 silly reify mark deleted [
214 silly reify   '/Users/noahvanlienden/stacks-demo/node_modules/@img/sharp-linux-arm64'
214 silly reify ]
215 verbose reify failed optional dependency /Users/noahvanlienden/stacks-demo/node_modules/@img/sharp-linux-arm
216 silly reify mark deleted [
216 silly reify   '/Users/noahvanlienden/stacks-demo/node_modules/@img/sharp-linux-arm'
216 silly reify ]
217 verbose reify failed optional dependency /Users/noahvanlienden/stacks-demo/node_modules/@img/sharp-libvips-linuxmusl-x64
218 silly reify mark deleted [
218 silly reify   '/Users/noahvanlienden/stacks-demo/node_modules/@img/sharp-libvips-linuxmusl-x64'
218 silly reify ]
219 verbose reify failed optional dependency /Users/noahvanlienden/stacks-demo/node_modules/@img/sharp-libvips-linuxmusl-arm64
220 silly reify mark deleted [
220 silly reify   '/Users/noahvanlienden/stacks-demo/node_modules/@img/sharp-libvips-linuxmusl-arm64'
220 silly reify ]
221 verbose reify failed optional dependency /Users/noahvanlienden/stacks-demo/node_modules/@img/sharp-libvips-linux-x64
222 silly reify mark deleted [
222 silly reify   '/Users/noahvanlienden/stacks-demo/node_modules/@img/sharp-libvips-linux-x64'
222 silly reify ]
223 verbose reify failed optional dependency /Users/noahvanlienden/stacks-demo/node_modules/@img/sharp-libvips-linux-s390x
224 silly reify mark deleted [
224 silly reify   '/Users/noahvanlienden/stacks-demo/node_modules/@img/sharp-libvips-linux-s390x'
224 silly reify ]
225 verbose reify failed optional dependency /Users/noahvanlienden/stacks-demo/node_modules/@img/sharp-libvips-linux-riscv64
226 silly reify mark deleted [
226 silly reify   '/Users/noahvanlienden/stacks-demo/node_modules/@img/sharp-libvips-linux-riscv64'
226 silly reify ]
227 verbose reify failed optional dependency /Users/noahvanlienden/stacks-demo/node_modules/@img/sharp-libvips-linux-ppc64
228 silly reify mark deleted [
228 silly reify   '/Users/noahvanlienden/stacks-demo/node_modules/@img/sharp-libvips-linux-ppc64'
228 silly reify ]
229 verbose reify failed optional dependency /Users/noahvanlienden/stacks-demo/node_modules/@img/sharp-libvips-linux-arm64
230 silly reify mark deleted [
230 silly reify   '/Users/noahvanlienden/stacks-demo/node_modules/@img/sharp-libvips-linux-arm64'
230 silly reify ]
231 verbose reify failed optional dependency /Users/noahvanlienden/stacks-demo/node_modules/@img/sharp-libvips-linux-arm
232 silly reify mark deleted [
232 silly reify   '/Users/noahvanlienden/stacks-demo/node_modules/@img/sharp-libvips-linux-arm'
232 silly reify ]
233 verbose reify failed optional dependency /Users/noahvanlienden/stacks-demo/node_modules/@img/sharp-libvips-darwin-x64
234 silly reify mark deleted [
234 silly reify   '/Users/noahvanlienden/stacks-demo/node_modules/@img/sharp-libvips-darwin-x64'
234 silly reify ]
235 verbose reify failed optional dependency /Users/noahvanlienden/stacks-demo/node_modules/@img/sharp-darwin-x64
236 silly reify mark deleted [
236 silly reify   '/Users/noahvanlienden/stacks-demo/node_modules/@img/sharp-darwin-x64'
236 silly reify ]
237 http cache @radix-ui/react-compose-refs@https://registry.npmjs.org/@radix-ui/react-compose-refs/-/react-compose-refs-1.1.2.tgz 0ms (cache hit)
238 http cache @radix-ui/react-use-layout-effect@https://registry.npmjs.org/@radix-ui/react-use-layout-effect/-/react-use-layout-effect-1.1.1.tgz 0ms (cache hit)
239 http cache @radix-ui/react-use-is-hydrated@https://registry.npmjs.org/@radix-ui/react-use-is-hydrated/-/react-use-is-hydrated-0.1.0.tgz 0ms (cache hit)
240 http cache @radix-ui/react-use-callback-ref@https://registry.npmjs.org/@radix-ui/react-use-callback-ref/-/react-use-callback-ref-1.1.1.tgz 0ms (cache hit)
241 http cache @radix-ui/react-context@https://registry.npmjs.org/@radix-ui/react-context/-/react-context-1.1.3.tgz 0ms (cache hit)
242 http cache @radix-ui/react-primitive@https://registry.npmjs.org/@radix-ui/react-primitive/-/react-primitive-2.1.4.tgz 0ms (cache hit)
243 http cache @radix-ui/react-slot@https://registry.npmjs.org/@radix-ui/react-slot/-/react-slot-1.2.4.tgz 0ms (cache hit)
244 http cache @radix-ui/react-progress@https://registry.npmjs.org/@radix-ui/react-progress/-/react-progress-1.1.8.tgz 0ms (cache hit)
245 http cache @radix-ui/react-avatar@https://registry.npmjs.org/@radix-ui/react-avatar/-/react-avatar-1.1.11.tgz 0ms (cache hit)
246 silly tarball no local data for @radix-ui/react-compose-refs@https://registry.npmjs.org/@radix-ui/react-compose-refs/-/react-compose-refs-1.1.2.tgz. Extracting by manifest.
247 silly tarball no local data for @radix-ui/react-use-layout-effect@https://registry.npmjs.org/@radix-ui/react-use-layout-effect/-/react-use-layout-effect-1.1.1.tgz. Extracting by manifest.
248 silly tarball no local data for @radix-ui/react-use-is-hydrated@https://registry.npmjs.org/@radix-ui/react-use-is-hydrated/-/react-use-is-hydrated-0.1.0.tgz. Extracting by manifest.
249 silly tarball no local data for @radix-ui/react-use-callback-ref@https://registry.npmjs.org/@radix-ui/react-use-callback-ref/-/react-use-callback-ref-1.1.1.tgz. Extracting by manifest.
250 silly tarball no local data for @radix-ui/react-context@https://registry.npmjs.org/@radix-ui/react-context/-/react-context-1.1.3.tgz. Extracting by manifest.
251 silly tarball no local data for @radix-ui/react-primitive@https://registry.npmjs.org/@radix-ui/react-primitive/-/react-primitive-2.1.4.tgz. Extracting by manifest.
252 silly tarball no local data for @radix-ui/react-slot@https://registry.npmjs.org/@radix-ui/react-slot/-/react-slot-1.2.4.tgz. Extracting by manifest.
253 silly tarball no local data for @radix-ui/react-progress@https://registry.npmjs.org/@radix-ui/react-progress/-/react-progress-1.1.8.tgz. Extracting by manifest.
254 silly tarball no local data for @radix-ui/react-avatar@https://registry.npmjs.org/@radix-ui/react-avatar/-/react-avatar-1.1.11.tgz. Extracting by manifest.
255 http fetch GET 200 https://registry.npmjs.org/@radix-ui/react-context/-/react-context-1.1.3.tgz 61ms (cache miss)
256 http fetch GET 200 https://registry.npmjs.org/@radix-ui/react-use-layout-effect/-/react-use-layout-effect-1.1.1.tgz 61ms (cache miss)
257 http fetch GET 200 https://registry.npmjs.org/@radix-ui/react-use-is-hydrated/-/react-use-is-hydrated-0.1.0.tgz 61ms (cache miss)
258 http fetch GET 200 https://registry.npmjs.org/@radix-ui/react-compose-refs/-/react-compose-refs-1.1.2.tgz 61ms (cache miss)
259 http fetch GET 200 https://registry.npmjs.org/@radix-ui/react-primitive/-/react-primitive-2.1.4.tgz 62ms (cache miss)
260 http fetch GET 200 https://registry.npmjs.org/@radix-ui/react-use-callback-ref/-/react-use-callback-ref-1.1.1.tgz 73ms (cache miss)
261 http fetch GET 200 https://registry.npmjs.org/@radix-ui/react-slot/-/react-slot-1.2.4.tgz 103ms (cache miss)
262 http fetch GET 200 https://registry.npmjs.org/@radix-ui/react-avatar/-/react-avatar-1.1.11.tgz 104ms (cache miss)
263 http fetch GET 200 https://registry.npmjs.org/@radix-ui/react-progress/-/react-progress-1.1.8.tgz 125ms (cache miss)
264 http fetch POST 200 https://registry.npmjs.org/-/npm/v1/security/advisories/bulk 210ms
265 silly audit report {}
266 silly ADD node_modules/@radix-ui/react-compose-refs
267 silly ADD node_modules/@radix-ui/react-slot
268 silly ADD node_modules/@radix-ui/react-use-layout-effect
269 silly ADD node_modules/@radix-ui/react-use-is-hydrated
270 silly ADD node_modules/@radix-ui/react-use-callback-ref
271 silly ADD node_modules/@radix-ui/react-primitive
272 silly ADD node_modules/@radix-ui/react-context
273 silly ADD node_modules/@radix-ui/react-progress
274 silly ADD node_modules/@radix-ui/react-avatar
275 silly ADD
276 silly ADD
277 silly ADD
278 silly ADD
279 silly ADD
280 silly ADD
281 silly ADD
282 silly ADD
283 silly ADD
284 silly ADD
285 silly ADD
286 silly ADD
287 silly ADD
288 silly ADD
289 silly ADD
290 silly ADD
291 silly ADD
292 silly ADD
293 silly ADD
294 silly ADD
295 silly ADD
296 silly ADD
297 silly ADD
298 silly ADD
299 silly ADD
300 silly ADD
301 silly ADD
302 silly ADD
303 silly ADD
304 silly ADD
305 silly ADD
306 silly ADD
307 silly ADD
308 silly ADD
309 silly ADD
310 silly ADD
311 silly ADD
312 silly ADD
313 silly ADD
314 silly ADD
315 silly ADD
316 silly ADD
317 silly ADD
318 silly ADD
319 silly ADD
320 silly ADD
321 silly ADD
322 silly ADD
323 silly ADD
324 silly ADD
325 silly ADD
326 silly ADD
327 silly ADD
328 silly ADD
329 silly ADD
330 silly ADD
331 silly ADD
332 silly ADD
333 silly ADD
334 silly ADD
335 silly ADD
336 silly ADD
337 silly ADD
338 silly ADD
339 silly ADD
340 silly ADD
341 silly ADD
342 silly ADD
343 verbose cwd /Users/noahvanlienden/stacks-demo
344 verbose os Darwin 24.3.0
345 verbose node v23.11.0
346 verbose npm  v10.9.2
347 verbose exit 0
348 info ok
